Build started 11/12/2014 2:50:17 PM.
     1>Project "C:\Users\Kiro (Quinton)\Desktop\1 HvB Alpha 1.2.1\AIE Template.vcxproj" on node 2 (Build target(s)).
     1>ClCompile:
         C:\Program Files (x86)\Microsoft Visual Studio 12.0\VC\bin\CL.exe /c /I./ /I./include/ /Zi /nologo /W3 /WX- /O2 /Oi /Oy- /D WIN32 /D NDEBUG /D _WINDOWS /D _MBCS /Gm- /EHsc /MD /GS /Gy /fp:precise /Zc:wchar_t /Zc:forScope /Fo"obj\\" /Fd"obj\vc120.pdb" /Gd /TP /analyze- /errorReport:prompt Code\source\main.cpp
         main.cpp
     1>c:\users\kiro (quinton)\desktop\1 hvb alpha 1.2.1\code\source\Decl.h(15): warning C4244: 'initializing' : conversion from 'double' to 'const int', possible loss of data
     1>c:\users\kiro (quinton)\desktop\1 hvb alpha 1.2.1\code\source\Decl.h(16): warning C4244: 'initializing' : conversion from 'double' to 'const int', possible loss of data
       Link:
         C:\Program Files (x86)\Microsoft Visual Studio 12.0\VC\bin\link.exe /ERRORREPORT:PROMPT /OUT:"bin\AIE Template.exe" /INCREMENTAL:NO /NOLOGO /LIBPATH:./libs AIE_1st_Year_Framework.lib kernel32.lib kernel32.lib user32.lib gdi32.lib winspool.lib comdlg32.lib advapi32.lib shell32.lib ole32.lib oleaut32.lib uuid.lib odbc32.lib odbccp32.lib /MANIFEST /MANIFESTUAC:"level='asInvoker' uiAccess='false'" /manifest:embed /DEBUG /PDB:"bin\AIE Template.pdb" /OPT:REF /OPT:ICF /TLBID:1 /DYNAMICBASE /NXCOMPAT /IMPLIB:"bin\AIE Template.lib" /MACHINE:X86 /SAFESEH obj\Assets.obj
         obj\Bullet.obj
         obj\GameState.obj
         obj\main.obj
         obj\Player.obj
         obj\ScoreBuffer.obj
         obj\ScoreDatabase.obj
         obj\sqlite3.obj
         AIE_1st_Year_Framework.lib(AIE.obj) : MSIL .netmodule or module compiled with /GL found; restarting link with /LTCG; add /LTCG to the link command line to improve linker performance
     1>LINK : warning LNK4098: defaultlib 'LIBCMT' conflicts with use of other libs; use /NODEFAULTLIB:library
         Generating code
         Finished generating code
     1>AIE_1st_Year_Framework.lib(AIE.obj) : warning LNK4099: PDB 'vc120.pdb' was not found with 'AIE_1st_Year_Framework.lib(AIE.obj)' or at 'C:\Users\Kiro (Quinton)\Desktop\1 HvB Alpha 1.2.1\bin\vc120.pdb'; linking object as if no debug info
     1>AIE_1st_Year_Framework.lib(AIE_Framework.obj) : warning LNK4099: PDB 'vc120.pdb' was not found with 'AIE_1st_Year_Framework.lib(AIE_Framework.obj)' or at 'C:\Users\Kiro (Quinton)\Desktop\1 HvB Alpha 1.2.1\bin\vc120.pdb'; linking object as if no debug info
     1>AIE_1st_Year_Framework.lib(SpriteManager.obj) : warning LNK4099: PDB 'vc120.pdb' was not found with 'AIE_1st_Year_Framework.lib(SpriteManager.obj)' or at 'C:\Users\Kiro (Quinton)\Desktop\1 HvB Alpha 1.2.1\bin\vc120.pdb'; linking object as if no debug info
     1>AIE_1st_Year_Framework.lib(Utilities.obj) : warning LNK4099: PDB 'vc120.pdb' was not found with 'AIE_1st_Year_Framework.lib(Utilities.obj)' or at 'C:\Users\Kiro (Quinton)\Desktop\1 HvB Alpha 1.2.1\bin\vc120.pdb'; linking object as if no debug info
     1>AIE_1st_Year_Framework.lib(Gizmos.obj) : warning LNK4099: PDB 'vc120.pdb' was not found with 'AIE_1st_Year_Framework.lib(Gizmos.obj)' or at 'C:\Users\Kiro (Quinton)\Desktop\1 HvB Alpha 1.2.1\bin\vc120.pdb'; linking object as if no debug info
     1>AIE_1st_Year_Framework.lib(FontManager.obj) : warning LNK4099: PDB 'vc120.pdb' was not found with 'AIE_1st_Year_Framework.lib(FontManager.obj)' or at 'C:\Users\Kiro (Quinton)\Desktop\1 HvB Alpha 1.2.1\bin\vc120.pdb'; linking object as if no debug info
     1>AIE_1st_Year_Framework.lib(TextureManager.obj) : warning LNK4099: PDB 'vc120.pdb' was not found with 'AIE_1st_Year_Framework.lib(TextureManager.obj)' or at 'C:\Users\Kiro (Quinton)\Desktop\1 HvB Alpha 1.2.1\bin\vc120.pdb'; linking object as if no debug info
     1>AIE_1st_Year_Framework.lib(BasicSprite.obj) : warning LNK4099: PDB 'vc120.pdb' was not found with 'AIE_1st_Year_Framework.lib(BasicSprite.obj)' or at 'C:\Users\Kiro (Quinton)\Desktop\1 HvB Alpha 1.2.1\bin\vc120.pdb'; linking object as if no debug info
     1>AIE_1st_Year_Framework.lib(SOIL.obj) : warning LNK4099: PDB 'vc110.pdb' was not found with 'AIE_1st_Year_Framework.lib(SOIL.obj)' or at 'C:\Users\Kiro (Quinton)\Desktop\1 HvB Alpha 1.2.1\bin\vc110.pdb'; linking object as if no debug info
     1>AIE_1st_Year_Framework.lib(strHandler.obj) : warning LNK4099: PDB 'vc120.pdb' was not found with 'AIE_1st_Year_Framework.lib(strHandler.obj)' or at 'C:\Users\Kiro (Quinton)\Desktop\1 HvB Alpha 1.2.1\bin\vc120.pdb'; linking object as if no debug info
     1>AIE_1st_Year_Framework.lib(Font.obj) : warning LNK4099: PDB 'vc120.pdb' was not found with 'AIE_1st_Year_Framework.lib(Font.obj)' or at 'C:\Users\Kiro (Quinton)\Desktop\1 HvB Alpha 1.2.1\bin\vc120.pdb'; linking object as if no debug info
     1>AIE_1st_Year_Framework.lib(Texture.obj) : warning LNK4099: PDB 'vc120.pdb' was not found with 'AIE_1st_Year_Framework.lib(Texture.obj)' or at 'C:\Users\Kiro (Quinton)\Desktop\1 HvB Alpha 1.2.1\bin\vc120.pdb'; linking object as if no debug info
     1>AIE_1st_Year_Framework.lib(stb_image_aug.obj) : warning LNK4099: PDB 'vc110.pdb' was not found with 'AIE_1st_Year_Framework.lib(stb_image_aug.obj)' or at 'C:\Users\Kiro (Quinton)\Desktop\1 HvB Alpha 1.2.1\bin\vc110.pdb'; linking object as if no debug info
     1>AIE_1st_Year_Framework.lib(image_helper.obj) : warning LNK4099: PDB 'vc110.pdb' was not found with 'AIE_1st_Year_Framework.lib(image_helper.obj)' or at 'C:\Users\Kiro (Quinton)\Desktop\1 HvB Alpha 1.2.1\bin\vc110.pdb'; linking object as if no debug info
     1>AIE_1st_Year_Framework.lib(image_DXT.obj) : warning LNK4099: PDB 'vc110.pdb' was not found with 'AIE_1st_Year_Framework.lib(image_DXT.obj)' or at 'C:\Users\Kiro (Quinton)\Desktop\1 HvB Alpha 1.2.1\bin\vc110.pdb'; linking object as if no debug info
     1>AIE_1st_Year_Framework.lib(tinystr.obj) : warning LNK4099: PDB 'vc120.pdb' was not found with 'AIE_1st_Year_Framework.lib(tinystr.obj)' or at 'C:\Users\Kiro (Quinton)\Desktop\1 HvB Alpha 1.2.1\bin\vc120.pdb'; linking object as if no debug info
     1>AIE_1st_Year_Framework.lib(tinyxmlHelper.obj) : warning LNK4099: PDB 'vc120.pdb' was not found with 'AIE_1st_Year_Framework.lib(tinyxmlHelper.obj)' or at 'C:\Users\Kiro (Quinton)\Desktop\1 HvB Alpha 1.2.1\bin\vc120.pdb'; linking object as if no debug info
     1>AIE_1st_Year_Framework.lib(tinyxml.obj) : warning LNK4099: PDB 'vc120.pdb' was not found with 'AIE_1st_Year_Framework.lib(tinyxml.obj)' or at 'C:\Users\Kiro (Quinton)\Desktop\1 HvB Alpha 1.2.1\bin\vc120.pdb'; linking object as if no debug info
     1>AIE_1st_Year_Framework.lib(tinyxmlparser.obj) : warning LNK4099: PDB 'vc120.pdb' was not found with 'AIE_1st_Year_Framework.lib(tinyxmlparser.obj)' or at 'C:\Users\Kiro (Quinton)\Desktop\1 HvB Alpha 1.2.1\bin\vc120.pdb'; linking object as if no debug info
     1>AIE_1st_Year_Framework.lib(tinyxmlerror.obj) : warning LNK4099: PDB 'vc120.pdb' was not found with 'AIE_1st_Year_Framework.lib(tinyxmlerror.obj)' or at 'C:\Users\Kiro (Quinton)\Desktop\1 HvB Alpha 1.2.1\bin\vc120.pdb'; linking object as if no debug info
     1>AIE_1st_Year_Framework.lib(glew.obj) : warning LNK4099: PDB 'vc100.pdb' was not found with 'AIE_1st_Year_Framework.lib(glew.obj)' or at 'C:\Users\Kiro (Quinton)\Desktop\1 HvB Alpha 1.2.1\bin\vc100.pdb'; linking object as if no debug info
         AIE Template.vcxproj -> C:\Users\Kiro (Quinton)\Desktop\1 HvB Alpha 1.2.1\bin\AIE Template.exe
     1>Done Building Project "C:\Users\Kiro (Quinton)\Desktop\1 HvB Alpha 1.2.1\AIE Template.vcxproj" (Build target(s)).

Build succeeded.

Time Elapsed 00:00:04.31
